<?xml version="1.0" encoding="UTF-8"?>
<!-- Generated by org.testng.reporters.JUnitReportReporter -->
<testsuite hostname="PC1" failures="0" tests="5" name="pk_CloudLab.EriBankApp_DataDrivenTesting" time="59.974" errors="0" timestamp="2024-06-19T15:10:22 IST" skipped="0">
  <testcase classname="pk_CloudLab.EriBankApp_DataDrivenTesting" name="EriBank_SignOn" time="8.330"/>
  <system-out/>
  <testcase classname="pk_CloudLab.EriBankApp_DataDrivenTesting" name="EriBank_MakePayment" time="13.241"/>
  <system-out/>
  <testcase classname="pk_CloudLab.EriBankApp_DataDrivenTesting" name="EriBank_MakePayment" time="12.538"/>
  <system-out/>
  <testcase classname="pk_CloudLab.EriBankApp_DataDrivenTesting" name="EriBank_MakePayment" time="13.281"/>
  <system-out/>
  <testcase classname="pk_CloudLab.EriBankApp_DataDrivenTesting" name="EriBank_MakePayment" time="12.584"/>
  <system-out/>
</testsuite> <!-- pk_CloudLab.EriBankApp_DataDrivenTesting -->
