<?xml version="1.0" encoding="UTF-8"?>
<!-- Generated by org.testng.reporters.JUnitReportReporter -->
<testsuite hostname="PC1" failures="0" tests="1" name="pk_CloudLab.SauceLab_Mobile_Browser" time="5.461" errors="0" timestamp="2024-06-19T14:15:28 IST" skipped="0">
  <testcase classname="pk_CloudLab.SauceLab_Mobile_Browser" name="EriBank_SignOn" time="5.461"/>
  <system-out/>
</testsuite> <!-- pk_CloudLab.SauceLab_Mobile_Browser -->
