<?xml version="1.0" encoding="UTF-8"?>
<!-- Generated by org.testng.reporters.JUnitReportReporter -->
<testsuite hostname="PC1" failures="0" tests="1" name="pk_Appium.Calculator_Example" time="3.560" errors="0" timestamp="2024-06-18T10:01:47 IST" skipped="0">
  <testcase classname="pk_Appium.Calculator_Example" name="testCal" time="3.560"/>
  <system-out/>
</testsuite> <!-- pk_Appium.Calculator_Example -->
